  TownState.cpp
c:\users\aaron\appdata\local\packages\canonicalgrouplimited.ubuntuonwindows_79rhkp1fndgsc\localstate\rootfs\home\aaron\projects\sfml_solution\sfml_solution\gui.h(92): warning C4244: '=': conversion from 'unsigned int' to 'float', possible loss of data
c:\users\aaron\appdata\local\packages\canonicalgrouplimited.ubuntuonwindows_79rhkp1fndgsc\localstate\rootfs\home\aaron\projects\sfml_solution\sfml_solution\gui.h(93): warning C4244: '=': conversion from 'unsigned int' to 'float', possible loss of data
c:\users\aaron\appdata\local\packages\canonicalgrouplimited.ubuntuonwindows_79rhkp1fndgsc\localstate\rootfs\home\aaron\projects\sfml_solution\sfml_solution\gui.h(181): warning C4244: 'argument': conversion from 'float' to 'unsigned int', possible loss of data
c:\users\aaron\appdata\local\packages\canonicalgrouplimited.ubuntuonwindows_79rhkp1fndgsc\localstate\rootfs\home\aaron\projects\sfml_solution\sfml_solution\gui.h(253): warning C4244: 'argument': conversion from 'int' to 'float', possible loss of data
c:\users\aaron\appdata\local\packages\canonicalgrouplimited.ubuntuonwindows_79rhkp1fndgsc\localstate\rootfs\home\aaron\projects\sfml_solution\sfml_solution\gui.h(258): warning C4244: 'argument': conversion from 'int' to 'float', possible loss of data
c:\users\aaron\appdata\local\packages\canonicalgrouplimited.ubuntuonwindows_79rhkp1fndgsc\localstate\rootfs\home\aaron\projects\sfml_solution\sfml_solution\gui.h(264): warning C4244: 'argument': conversion from 'int' to 'float', possible loss of data
c:\users\aaron\appdata\local\packages\canonicalgrouplimited.ubuntuonwindows_79rhkp1fndgsc\localstate\rootfs\home\aaron\projects\sfml_solution\sfml_solution\tile.h(37): warning C4244: 'argument': conversion from 'unsigned int' to 'float', possible loss of data
c:\users\aaron\appdata\local\packages\canonicalgrouplimited.ubuntuonwindows_79rhkp1fndgsc\localstate\rootfs\home\aaron\projects\sfml_solution\sfml_solution\townstate.cpp(40): warning C4244: 'argument': conversion from 'unsigned int' to 'float', possible loss of data
  Tile.cpp
c:\users\aaron\appdata\local\packages\canonicalgrouplimited.ubuntuonwindows_79rhkp1fndgsc\localstate\rootfs\home\aaron\projects\sfml_solution\sfml_solution\tile.h(37): warning C4244: 'argument': conversion from 'unsigned int' to 'float', possible loss of data
c:\users\aaron\appdata\local\packages\canonicalgrouplimited.ubuntuonwindows_79rhkp1fndgsc\localstate\rootfs\home\aaron\projects\sfml_solution\sfml_solution\tile.cpp(34): warning C4065: switch statement contains 'default' but no 'case' labels
  TextureManager.cpp
  StartState.cpp
c:\users\aaron\appdata\local\packages\canonicalgrouplimited.ubuntuonwindows_79rhkp1fndgsc\localstate\rootfs\home\aaron\projects\sfml_solution\sfml_solution\gui.h(92): warning C4244: '=': conversion from 'unsigned int' to 'float', possible loss of data
c:\users\aaron\appdata\local\packages\canonicalgrouplimited.ubuntuonwindows_79rhkp1fndgsc\localstate\rootfs\home\aaron\projects\sfml_solution\sfml_solution\gui.h(93): warning C4244: '=': conversion from 'unsigned int' to 'float', possible loss of data
c:\users\aaron\appdata\local\packages\canonicalgrouplimited.ubuntuonwindows_79rhkp1fndgsc\localstate\rootfs\home\aaron\projects\sfml_solution\sfml_solution\gui.h(181): warning C4244: 'argument': conversion from 'float' to 'unsigned int', possible loss of data
c:\users\aaron\appdata\local\packages\canonicalgrouplimited.ubuntuonwindows_79rhkp1fndgsc\localstate\rootfs\home\aaron\projects\sfml_solution\sfml_solution\gui.h(253): warning C4244: 'argument': conversion from 'int' to 'float', possible loss of data
c:\users\aaron\appdata\local\packages\canonicalgrouplimited.ubuntuonwindows_79rhkp1fndgsc\localstate\rootfs\home\aaron\projects\sfml_solution\sfml_solution\gui.h(258): warning C4244: 'argument': conversion from 'int' to 'float', possible loss of data
c:\users\aaron\appdata\local\packages\canonicalgrouplimited.ubuntuonwindows_79rhkp1fndgsc\localstate\rootfs\home\aaron\projects\sfml_solution\sfml_solution\gui.h(264): warning C4244: 'argument': conversion from 'int' to 'float', possible loss of data
c:\users\aaron\appdata\local\packages\canonicalgrouplimited.ubuntuonwindows_79rhkp1fndgsc\localstate\rootfs\home\aaron\projects\sfml_solution\sfml_solution\tile.h(37): warning C4244: 'argument': conversion from 'unsigned int' to 'float', possible loss of data
  NewGameState.cpp
c:\users\aaron\appdata\local\packages\canonicalgrouplimited.ubuntuonwindows_79rhkp1fndgsc\localstate\rootfs\home\aaron\projects\sfml_solution\sfml_solution\gui.h(92): warning C4244: '=': conversion from 'unsigned int' to 'float', possible loss of data
c:\users\aaron\appdata\local\packages\canonicalgrouplimited.ubuntuonwindows_79rhkp1fndgsc\localstate\rootfs\home\aaron\projects\sfml_solution\sfml_solution\gui.h(93): warning C4244: '=': conversion from 'unsigned int' to 'float', possible loss of data
c:\users\aaron\appdata\local\packages\canonicalgrouplimited.ubuntuonwindows_79rhkp1fndgsc\localstate\rootfs\home\aaron\projects\sfml_solution\sfml_solution\gui.h(181): warning C4244: 'argument': conversion from 'float' to 'unsigned int', possible loss of data
c:\users\aaron\appdata\local\packages\canonicalgrouplimited.ubuntuonwindows_79rhkp1fndgsc\localstate\rootfs\home\aaron\projects\sfml_solution\sfml_solution\gui.h(253): warning C4244: 'argument': conversion from 'int' to 'float', possible loss of data
c:\users\aaron\appdata\local\packages\canonicalgrouplimited.ubuntuonwindows_79rhkp1fndgsc\localstate\rootfs\home\aaron\projects\sfml_solution\sfml_solution\gui.h(258): warning C4244: 'argument': conversion from 'int' to 'float', possible loss of data
c:\users\aaron\appdata\local\packages\canonicalgrouplimited.ubuntuonwindows_79rhkp1fndgsc\localstate\rootfs\home\aaron\projects\sfml_solution\sfml_solution\gui.h(264): warning C4244: 'argument': conversion from 'int' to 'float', possible loss of data
c:\users\aaron\appdata\local\packages\canonicalgrouplimited.ubuntuonwindows_79rhkp1fndgsc\localstate\rootfs\home\aaron\projects\sfml_solution\sfml_solution\tile.h(37): warning C4244: 'argument': conversion from 'unsigned int' to 'float', possible loss of data
c:\users\aaron\appdata\local\packages\canonicalgrouplimited.ubuntuonwindows_79rhkp1fndgsc\localstate\rootfs\home\aaron\projects\sfml_solution\sfml_solution\newgamestate.cpp(48): warning C4244: '=': conversion from 'unsigned int' to 'float', possible loss of data
c:\users\aaron\appdata\local\packages\canonicalgrouplimited.ubuntuonwindows_79rhkp1fndgsc\localstate\rootfs\home\aaron\projects\sfml_solution\sfml_solution\newgamestate.cpp(49): warning C4244: '=': conversion from 'unsigned int' to 'float', possible loss of data
c:\users\aaron\appdata\local\packages\canonicalgrouplimited.ubuntuonwindows_79rhkp1fndgsc\localstate\rootfs\home\aaron\projects\sfml_solution\sfml_solution\newgamestate.cpp(56): warning C4244: 'argument': conversion from 'unsigned int' to 'float', possible loss of data
c:\users\aaron\appdata\local\packages\canonicalgrouplimited.ubuntuonwindows_79rhkp1fndgsc\localstate\rootfs\home\aaron\projects\sfml_solution\sfml_solution\newgamestate.cpp(68): warning C4244: 'argument': conversion from 'unsigned int' to 'float', possible loss of data
c:\users\aaron\appdata\local\packages\canonicalgrouplimited.ubuntuonwindows_79rhkp1fndgsc\localstate\rootfs\home\aaron\projects\sfml_solution\sfml_solution\newgamestate.cpp(74): warning C4244: 'argument': conversion from 'unsigned int' to 'float', possible loss of data
c:\users\aaron\appdata\local\packages\canonicalgrouplimited.ubuntuonwindows_79rhkp1fndgsc\localstate\rootfs\home\aaron\projects\sfml_solution\sfml_solution\newgamestate.cpp(94): warning C4244: 'argument': conversion from 'unsigned int' to 'float', possible loss of data
c:\users\aaron\appdata\local\packages\canonicalgrouplimited.ubuntuonwindows_79rhkp1fndgsc\localstate\rootfs\home\aaron\projects\sfml_solution\sfml_solution\newgamestate.cpp(189): warning C4244: 'argument': conversion from 'unsigned int' to 'float', possible loss of data
  Map.cpp
c:\users\aaron\appdata\local\packages\canonicalgrouplimited.ubuntuonwindows_79rhkp1fndgsc\localstate\rootfs\home\aaron\projects\sfml_solution\sfml_solution\gui.h(92): warning C4244: '=': conversion from 'unsigned int' to 'float', possible loss of data
c:\users\aaron\appdata\local\packages\canonicalgrouplimited.ubuntuonwindows_79rhkp1fndgsc\localstate\rootfs\home\aaron\projects\sfml_solution\sfml_solution\gui.h(93): warning C4244: '=': conversion from 'unsigned int' to 'float', possible loss of data
c:\users\aaron\appdata\local\packages\canonicalgrouplimited.ubuntuonwindows_79rhkp1fndgsc\localstate\rootfs\home\aaron\projects\sfml_solution\sfml_solution\gui.h(181): warning C4244: 'argument': conversion from 'float' to 'unsigned int', possible loss of data
c:\users\aaron\appdata\local\packages\canonicalgrouplimited.ubuntuonwindows_79rhkp1fndgsc\localstate\rootfs\home\aaron\projects\sfml_solution\sfml_solution\gui.h(253): warning C4244: 'argument': conversion from 'int' to 'float', possible loss of data
c:\users\aaron\appdata\local\packages\canonicalgrouplimited.ubuntuonwindows_79rhkp1fndgsc\localstate\rootfs\home\aaron\projects\sfml_solution\sfml_solution\gui.h(258): warning C4244: 'argument': conversion from 'int' to 'float', possible loss of data
c:\users\aaron\appdata\local\packages\canonicalgrouplimited.ubuntuonwindows_79rhkp1fndgsc\localstate\rootfs\home\aaron\projects\sfml_solution\sfml_solution\gui.h(264): warning C4244: 'argument': conversion from 'int' to 'float', possible loss of data
c:\users\aaron\appdata\local\packages\canonicalgrouplimited.ubuntuonwindows_79rhkp1fndgsc\localstate\rootfs\home\aaron\projects\sfml_solution\sfml_solution\tile.h(37): warning C4244: 'argument': conversion from 'unsigned int' to 'float', possible loss of data
c:\users\aaron\appdata\local\packages\canonicalgrouplimited.ubuntuonwindows_79rhkp1fndgsc\localstate\rootfs\home\aaron\projects\sfml_solution\sfml_solution\map.cpp(41): warning C4244: '=': conversion from 'unsigned int' to 'float', possible loss of data
c:\users\aaron\appdata\local\packages\canonicalgrouplimited.ubuntuonwindows_79rhkp1fndgsc\localstate\rootfs\home\aaron\projects\sfml_solution\sfml_solution\map.cpp(42): warning C4244: '=': conversion from 'unsigned int' to 'float', possible loss of data
  Main.cpp
c:\users\aaron\appdata\local\packages\canonicalgrouplimited.ubuntuonwindows_79rhkp1fndgsc\localstate\rootfs\home\aaron\projects\sfml_solution\sfml_solution\gui.h(92): warning C4244: '=': conversion from 'unsigned int' to 'float', possible loss of data
c:\users\aaron\appdata\local\packages\canonicalgrouplimited.ubuntuonwindows_79rhkp1fndgsc\localstate\rootfs\home\aaron\projects\sfml_solution\sfml_solution\gui.h(93): warning C4244: '=': conversion from 'unsigned int' to 'float', possible loss of data
c:\users\aaron\appdata\local\packages\canonicalgrouplimited.ubuntuonwindows_79rhkp1fndgsc\localstate\rootfs\home\aaron\projects\sfml_solution\sfml_solution\gui.h(181): warning C4244: 'argument': conversion from 'float' to 'unsigned int', possible loss of data
c:\users\aaron\appdata\local\packages\canonicalgrouplimited.ubuntuonwindows_79rhkp1fndgsc\localstate\rootfs\home\aaron\projects\sfml_solution\sfml_solution\gui.h(253): warning C4244: 'argument': conversion from 'int' to 'float', possible loss of data
c:\users\aaron\appdata\local\packages\canonicalgrouplimited.ubuntuonwindows_79rhkp1fndgsc\localstate\rootfs\home\aaron\projects\sfml_solution\sfml_solution\gui.h(258): warning C4244: 'argument': conversion from 'int' to 'float', possible loss of data
c:\users\aaron\appdata\local\packages\canonicalgrouplimited.ubuntuonwindows_79rhkp1fndgsc\localstate\rootfs\home\aaron\projects\sfml_solution\sfml_solution\gui.h(264): warning C4244: 'argument': conversion from 'int' to 'float', possible loss of data
c:\users\aaron\appdata\local\packages\canonicalgrouplimited.ubuntuonwindows_79rhkp1fndgsc\localstate\rootfs\home\aaron\projects\sfml_solution\sfml_solution\tile.h(37): warning C4244: 'argument': conversion from 'unsigned int' to 'float', possible loss of data
  ItemGenerator.cpp
  Item.cpp
  Gui.cpp
c:\users\aaron\appdata\local\packages\canonicalgrouplimited.ubuntuonwindows_79rhkp1fndgsc\localstate\rootfs\home\aaron\projects\sfml_solution\sfml_solution\gui.h(92): warning C4244: '=': conversion from 'unsigned int' to 'float', possible loss of data
c:\users\aaron\appdata\local\packages\canonicalgrouplimited.ubuntuonwindows_79rhkp1fndgsc\localstate\rootfs\home\aaron\projects\sfml_solution\sfml_solution\gui.h(93): warning C4244: '=': conversion from 'unsigned int' to 'float', possible loss of data
c:\users\aaron\appdata\local\packages\canonicalgrouplimited.ubuntuonwindows_79rhkp1fndgsc\localstate\rootfs\home\aaron\projects\sfml_solution\sfml_solution\gui.h(181): warning C4244: 'argument': conversion from 'float' to 'unsigned int', possible loss of data
c:\users\aaron\appdata\local\packages\canonicalgrouplimited.ubuntuonwindows_79rhkp1fndgsc\localstate\rootfs\home\aaron\projects\sfml_solution\sfml_solution\gui.h(253): warning C4244: 'argument': conversion from 'int' to 'float', possible loss of data
c:\users\aaron\appdata\local\packages\canonicalgrouplimited.ubuntuonwindows_79rhkp1fndgsc\localstate\rootfs\home\aaron\projects\sfml_solution\sfml_solution\gui.h(258): warning C4244: 'argument': conversion from 'int' to 'float', possible loss of data
c:\users\aaron\appdata\local\packages\canonicalgrouplimited.ubuntuonwindows_79rhkp1fndgsc\localstate\rootfs\home\aaron\projects\sfml_solution\sfml_solution\gui.h(264): warning C4244: 'argument': conversion from 'int' to 'float', possible loss of data
c:\users\aaron\appdata\local\packages\canonicalgrouplimited.ubuntuonwindows_79rhkp1fndgsc\localstate\rootfs\home\aaron\projects\sfml_solution\sfml_solution\gui.cpp(89): warning C4244: 'argument': conversion from 'float' to 'unsigned int', possible loss of data
c:\users\aaron\appdata\local\packages\canonicalgrouplimited.ubuntuonwindows_79rhkp1fndgsc\localstate\rootfs\home\aaron\projects\sfml_solution\sfml_solution\gui.cpp(200): warning C4244: 'argument': conversion from 'int' to 'float', possible loss of data
  GridState.cpp
c:\users\aaron\appdata\local\packages\canonicalgrouplimited.ubuntuonwindows_79rhkp1fndgsc\localstate\rootfs\home\aaron\projects\sfml_solution\sfml_solution\gui.h(92): warning C4244: '=': conversion from 'unsigned int' to 'float', possible loss of data
c:\users\aaron\appdata\local\packages\canonicalgrouplimited.ubuntuonwindows_79rhkp1fndgsc\localstate\rootfs\home\aaron\projects\sfml_solution\sfml_solution\gui.h(93): warning C4244: '=': conversion from 'unsigned int' to 'float', possible loss of data
c:\users\aaron\appdata\local\packages\canonicalgrouplimited.ubuntuonwindows_79rhkp1fndgsc\localstate\rootfs\home\aaron\projects\sfml_solution\sfml_solution\gui.h(181): warning C4244: 'argument': conversion from 'float' to 'unsigned int', possible loss of data
c:\users\aaron\appdata\local\packages\canonicalgrouplimited.ubuntuonwindows_79rhkp1fndgsc\localstate\rootfs\home\aaron\projects\sfml_solution\sfml_solution\gui.h(253): warning C4244: 'argument': conversion from 'int' to 'float', possible loss of data
c:\users\aaron\appdata\local\packages\canonicalgrouplimited.ubuntuonwindows_79rhkp1fndgsc\localstate\rootfs\home\aaron\projects\sfml_solution\sfml_solution\gui.h(258): warning C4244: 'argument': conversion from 'int' to 'float', possible loss of data
c:\users\aaron\appdata\local\packages\canonicalgrouplimited.ubuntuonwindows_79rhkp1fndgsc\localstate\rootfs\home\aaron\projects\sfml_solution\sfml_solution\gui.h(264): warning C4244: 'argument': conversion from 'int' to 'float', possible loss of data
c:\users\aaron\appdata\local\packages\canonicalgrouplimited.ubuntuonwindows_79rhkp1fndgsc\localstate\rootfs\home\aaron\projects\sfml_solution\sfml_solution\tile.h(37): warning C4244: 'argument': conversion from 'unsigned int' to 'float', possible loss of data
c:\users\aaron\appdata\local\packages\canonicalgrouplimited.ubuntuonwindows_79rhkp1fndgsc\localstate\rootfs\home\aaron\projects\sfml_solution\sfml_solution\gridstate.cpp(67): warning C4244: 'argument': conversion from 'unsigned int' to 'float', possible loss of data
  Game.cpp
c:\users\aaron\appdata\local\packages\canonicalgrouplimited.ubuntuonwindows_79rhkp1fndgsc\localstate\rootfs\home\aaron\projects\sfml_solution\sfml_solution\gui.h(92): warning C4244: '=': conversion from 'unsigned int' to 'float', possible loss of data
c:\users\aaron\appdata\local\packages\canonicalgrouplimited.ubuntuonwindows_79rhkp1fndgsc\localstate\rootfs\home\aaron\projects\sfml_solution\sfml_solution\gui.h(93): warning C4244: '=': conversion from 'unsigned int' to 'float', possible loss of data
c:\users\aaron\appdata\local\packages\canonicalgrouplimited.ubuntuonwindows_79rhkp1fndgsc\localstate\rootfs\home\aaron\projects\sfml_solution\sfml_solution\gui.h(181): warning C4244: 'argument': conversion from 'float' to 'unsigned int', possible loss of data
c:\users\aaron\appdata\local\packages\canonicalgrouplimited.ubuntuonwindows_79rhkp1fndgsc\localstate\rootfs\home\aaron\projects\sfml_solution\sfml_solution\gui.h(253): warning C4244: 'argument': conversion from 'int' to 'float', possible loss of data
c:\users\aaron\appdata\local\packages\canonicalgrouplimited.ubuntuonwindows_79rhkp1fndgsc\localstate\rootfs\home\aaron\projects\sfml_solution\sfml_solution\gui.h(258): warning C4244: 'argument': conversion from 'int' to 'float', possible loss of data
c:\users\aaron\appdata\local\packages\canonicalgrouplimited.ubuntuonwindows_79rhkp1fndgsc\localstate\rootfs\home\aaron\projects\sfml_solution\sfml_solution\gui.h(264): warning C4244: 'argument': conversion from 'int' to 'float', possible loss of data
c:\users\aaron\appdata\local\packages\canonicalgrouplimited.ubuntuonwindows_79rhkp1fndgsc\localstate\rootfs\home\aaron\projects\sfml_solution\sfml_solution\tile.h(37): warning C4244: 'argument': conversion from 'unsigned int' to 'float', possible loss of data
  Character.cpp
c:\users\aaron\appdata\local\packages\canonicalgrouplimited.ubuntuonwindows_79rhkp1fndgsc\localstate\rootfs\home\aaron\projects\sfml_solution\sfml_solution\gui.h(92): warning C4244: '=': conversion from 'unsigned int' to 'float', possible loss of data
c:\users\aaron\appdata\local\packages\canonicalgrouplimited.ubuntuonwindows_79rhkp1fndgsc\localstate\rootfs\home\aaron\projects\sfml_solution\sfml_solution\gui.h(93): warning C4244: '=': conversion from 'unsigned int' to 'float', possible loss of data
c:\users\aaron\appdata\local\packages\canonicalgrouplimited.ubuntuonwindows_79rhkp1fndgsc\localstate\rootfs\home\aaron\projects\sfml_solution\sfml_solution\gui.h(181): warning C4244: 'argument': conversion from 'float' to 'unsigned int', possible loss of data
c:\users\aaron\appdata\local\packages\canonicalgrouplimited.ubuntuonwindows_79rhkp1fndgsc\localstate\rootfs\home\aaron\projects\sfml_solution\sfml_solution\gui.h(253): warning C4244: 'argument': conversion from 'int' to 'float', possible loss of data
c:\users\aaron\appdata\local\packages\canonicalgrouplimited.ubuntuonwindows_79rhkp1fndgsc\localstate\rootfs\home\aaron\projects\sfml_solution\sfml_solution\gui.h(258): warning C4244: 'argument': conversion from 'int' to 'float', possible loss of data
c:\users\aaron\appdata\local\packages\canonicalgrouplimited.ubuntuonwindows_79rhkp1fndgsc\localstate\rootfs\home\aaron\projects\sfml_solution\sfml_solution\gui.h(264): warning C4244: 'argument': conversion from 'int' to 'float', possible loss of data
  AnimationHandler.cpp
  Generating Code...
  Sfml_Solution.vcxproj -> C:\Users\Aaron\AppData\Local\Packages\CanonicalGroupLimited.UbuntuonWindows_79rhkp1fndgsc\LocalState\rootfs\home\Aaron\Projects\SFML_Solution\x64\Debug\Sfml_Solution.exe
